0 info it worked if it ends with ok
1 verbose cli [ '/usr/local/bin/node',
1 verbose cli   '/usr/local/bin/npm',
1 verbose cli   'run',
1 verbose cli   'devserver' ]
2 info using npm@3.10.9
3 info using node@v7.2.0
4 verbose run-script [ 'predevserver', 'devserver', 'postdevserver' ]
5 info lifecycle fe_base@0.0.0~predevserver: fe_base@0.0.0
6 silly lifecycle fe_base@0.0.0~predevserver: no script for predevserver, continuing
7 info lifecycle fe_base@0.0.0~devserver: fe_base@0.0.0
8 verbose lifecycle fe_base@0.0.0~devserver: unsafe-perm in lifecycle true
9 verbose lifecycle fe_base@0.0.0~devserver: PATH: /usr/local/lib/node_modules/npm/bin/node-gyp-bin:/home/szomolanyi/work/web/fe_base1/node_modules/.bin:/home/szomolanyi/install/google-cloud-sdk/bin:/usr/local/sbin:/usr/local/bin:/usr/sbin:/usr/bin:/sbin:/bin:/usr/games:/usr/local/games
10 verbose lifecycle fe_base@0.0.0~devserver: CWD: /home/szomolanyi/work/web/fe_base1
11 silly lifecycle fe_base@0.0.0~devserver: Args: [ '-c', 'webpack-dev-server' ]
12 silly lifecycle fe_base@0.0.0~devserver: Returned: code: 1  signal: null
13 info lifecycle fe_base@0.0.0~devserver: Failed to exec devserver script
14 verbose stack Error: fe_base@0.0.0 devserver: `webpack-dev-server`
14 verbose stack Exit status 1
14 verbose stack     at EventEmitter.<anonymous> (/usr/local/lib/node_modules/npm/lib/utils/lifecycle.js:255:16)
14 verbose stack     at emitTwo (events.js:106:13)
14 verbose stack     at EventEmitter.emit (events.js:191:7)
14 verbose stack     at ChildProcess.<anonymous> (/usr/local/lib/node_modules/npm/lib/utils/spawn.js:40:14)
14 verbose stack     at emitTwo (events.js:106:13)
14 verbose stack     at ChildProcess.emit (events.js:191:7)
14 verbose stack     at maybeClose (internal/child_process.js:885:16)
14 verbose stack     at Process.ChildProcess._handle.onexit (internal/child_process.js:226:5)
15 verbose pkgid fe_base@0.0.0
16 verbose cwd /home/szomolanyi/work/web/fe_base1
17 error Linux 3.16.0-38-generic
18 error argv "/usr/local/bin/node" "/usr/local/bin/npm" "run" "devserver"
19 error node v7.2.0
20 error npm  v3.10.9
21 error code ELIFECYCLE
22 error fe_base@0.0.0 devserver: `webpack-dev-server`
22 error Exit status 1
23 error Failed at the fe_base@0.0.0 devserver script 'webpack-dev-server'.
23 error Make sure you have the latest version of node.js and npm installed.
23 error If you do, this is most likely a problem with the fe_base package,
23 error not with npm itself.
23 error Tell the author that this fails on your system:
23 error     webpack-dev-server
23 error You can get information on how to open an issue for this project with:
23 error     npm bugs fe_base
23 error Or if that isn't available, you can get their info via:
23 error     npm owner ls fe_base
23 error There is likely additional logging output above.
24 verbose exit [ 1, true ]
